Arguments: 
  /Users/limao/.nvm/versions/node/v16.19.0/bin/node /usr/local/bin/yarn

PATH: 
  /Users/limao/.nvm/versions/node/v16.19.0/bin:/Users/limao/.local/share/zinit/polaris/bin:/usr/local/bin:/usr/bin:/bin:/usr/sbin:/sbin:/Library/Apple/usr/bin:/Users/limao/.antigen/bundles/robbyrussell/oh-my-zsh/lib:/Users/limao/.antigen/bundles/robbyrussell/oh-my-zsh/plugins/git:/Users/limao/.antigen/bundles/robbyrussell/oh-my-zsh/plugins/heroku:/Users/limao/.antigen/bundles/robbyrussell/oh-my-zsh/plugins/pip:/Users/limao/.antigen/bundles/robbyrussell/oh-my-zsh/plugins/lein:/Users/limao/.antigen/bundles/robbyrussell/oh-my-zsh/plugins/command-not-found:/Users/limao/.antigen/bundles/robbyrussell/oh-my-zsh/plugins/brew:/Users/limao/.antigen/bundles/robbyrussell/oh-my-zsh/plugins/common-aliases:/Users/limao/.antigen/bundles/robbyrussell/oh-my-zsh/plugins/docker:/Users/limao/.antigen/bundles/robbyrussell/oh-my-zsh/plugins/docker-compose:/Users/limao/.antigen/bundles/robbyrussell/oh-my-zsh/plugins/golang:/Users/limao/.antigen/bundles/robbyrussell/oh-my-zsh/plugins/npm:/Users/limao/.antigen/bundles/zsh-users/zsh-completions:/Users/limao/.antigen/bundles/zsh-users/zsh-autosuggestions:/Users/limao/.antigen/bundles/zsh-users/zsh-syntax-highlighting

Yarn version: 
  1.22.19

Node version: 
  16.19.0

Platform: 
  darwin x64

Trace: 
  Error: incorrect data check
      at Zlib.zlibOnError [as onerror] (node:zlib:189:17)

npm manifest: 
  {
      "name": "project_name",
      "title": "project_title",
      "version": "1.0.0",
      "description": "project_description",
      "author": "Limão Acidez Tecnológica",
      "homepage": "http://thiagolima.com",
      "license": "http://thiagolima.com/license/",
      "main": "gulpfile.js",
      "scripts": {
          "start": "gulp start",
          "watch": "gulp watch",
          "deploy": "gulp deploy",
          "dist": "gulp"
      },
      "dependencies": {
          "@popperjs/core": "^2.11.6",
          "aos": "^2.3.4",
          "bootstrap": "^5.0.2",
          "gulp-cli": "^2.3.0",
          "jquery": "^3.5.1",
          "jquery.easing": "^1.4.1",
          "owl.carousel": "^2.3.4",
          "select2": "~4.0",
          "utf-8-validate": "^6.0.0"
      },
      "devDependencies": {
          "browser-sync": "^2.27.11",
          "bufferutil": "^4.0.7",
          "gulp": "^4.0.2",
          "gulp-autoprefixer": "^6.1.0",
          "gulp-beautify": "^3.0.0",
          "gulp-clean-css": "^4.3.0",
          "gulp-inject-string": "^1.1.2",
          "gulp-minify": "^3.0.0",
          "gulp-nunjucks": "^3.1.1",
          "gulp-rename": "^2.0.0",
          "gulp-sass": "^5.1.0",
          "gulp-surge": "^0.1.4",
          "merge-stream": "^2.0.0",
          "node-sass": "^8.0.0",
          "gulp-clean": "^0.4.0",
          "sass": "^1.57.1"
      }
  }

yarn manifest: 
  No manifest

Lockfile: 
  No lockfile
